<?xml version="1.0" encoding="UTF-8"?>
<beans xmlns="http://www.springframework.org/schema/beans"
	xmlns:xsi="http://www.w3.org/2001/XMLSchema-instance"
	xsi:schemaLocation="http://www.springframework.org/schema/beans http://www.springframework.org/schema/beans/spring-beans-3.0.xsd" >

    <!-- Creates an in-memory database populated with test jdbc -->    
    <bean id="dataSource" class="org.mitre.jdbc.datasource.H2DataSourceFactory">
        <property name="databaseName" value="connect"/>
        <property name="scriptLocations" >
            <list>
            	<!-- OpenID Connect Data model -->
                <value>file:src/main/webapp/db/tables/accesstoken.sql</value>
                <value>file:src/main/webapp/db/tables/address.sql</value>
                <value>file:src/main/webapp/db/tables/approvedsite.sql</value>
                <value>file:src/main/webapp/db/tables/authorities.sql</value>
                <value>file:src/main/webapp/db/tables/clientdetails.sql</value>
                <value>file:src/main/webapp/db/tables/event.sql</value>
                <value>file:src/main/webapp/db/tables/granttypes.sql</value>
                <value>file:src/main/webapp/db/tables/idtoken.sql</value>
				<value>file:src/main/webapp/db/tables/idtokenclaims.sql</value>
				<value>file:src/main/webapp/db/tables/refreshtoken.sql</value>
				<value>file:src/main/webapp/db/tables/scope.sql</value>
				<value>file:src/main/webapp/db/tables/userinfo.sql</value>
				<value>file:src/main/webapp/db/tables/whitelistedsite.sql</value>      
                <!-- Preloaded data -->
                <value>classpath:test-data.sql</value> 
            </list>
        </property>
        <property name="dateConversionPatterns">
            <map>
                <entry key="yyyy/mm/dd hh24:mi:ss" value="yyy/MM/dd HH:mm:ss" />
                <entry key="yyyy-mm-dd" value="yyyy-MM-dd" />
            </map>
        </property>
    </bean>
</beans>